[2026-04-24 20:11:39,628] INFO [ControllerEventThread controllerId=0] Starting (kafka.controller.ControllerEventManager$ControllerEventThread)
[2026-04-24 20:11:39,663] INFO [Controller id=0] 0 successfully elected as the controller. Epoch incremented to 1 and epoch zk version is now 1 (kafka.controller.KafkaController)
[2026-04-24 20:11:39,668] INFO [Controller id=0] Creating FeatureZNode at path: /feature with contents: FeatureZNode(2,Enabled,Map()) (kafka.controller.KafkaController)
[2026-04-24 20:11:39,708] INFO [Controller id=0] Registering handlers (kafka.controller.KafkaController)
[2026-04-24 20:11:39,715] INFO [Controller id=0] Deleting log dir event notifications (kafka.controller.KafkaController)
[2026-04-24 20:11:39,721] INFO [Controller id=0] Deleting isr change notifications (kafka.controller.KafkaController)
[2026-04-24 20:11:39,726] INFO [Controller id=0] Initializing controller context (kafka.controller.KafkaController)
[2026-04-24 20:11:39,743] INFO [Controller id=0] Initialized broker epochs cache: HashMap(0 -> 25) (kafka.controller.KafkaController)
[2026-04-24 20:11:39,751] DEBUG [Controller id=0] Register BrokerModifications handler for Set(0) (kafka.controller.KafkaController)
[2026-04-24 20:11:39,759] DEBUG [Channel manager on controller 0]: Controller 0 trying to connect to broker 0 (kafka.controller.ControllerChannelManager)
[2026-04-24 20:11:39,768] INFO [RequestSendThread controllerId=0] Starting (kafka.controller.RequestSendThread)
[2026-04-24 20:11:39,771] INFO [Controller id=0] Currently active brokers in the cluster: Set(0) (kafka.controller.KafkaController)
[2026-04-24 20:11:39,772] INFO [Controller id=0] Currently shutting brokers in the cluster: HashSet() (kafka.controller.KafkaController)
[2026-04-24 20:11:39,772] INFO [Controller id=0] Current list of topics in the cluster: HashSet() (kafka.controller.KafkaController)
[2026-04-24 20:11:39,773] INFO [Controller id=0] Fetching topic deletions in progress (kafka.controller.KafkaController)
[2026-04-24 20:11:39,777] INFO [Controller id=0] List of topics to be deleted:  (kafka.controller.KafkaController)
[2026-04-24 20:11:39,778] INFO [Controller id=0] List of topics ineligible for deletion:  (kafka.controller.KafkaController)
[2026-04-24 20:11:39,778] INFO [Controller id=0] Initializing topic deletion manager (kafka.controller.KafkaController)
[2026-04-24 20:11:39,779] INFO [Topic Deletion Manager 0] Initializing manager with initial deletions: Set(), initial ineligible deletions: HashSet() (kafka.controller.TopicDeletionManager)
[2026-04-24 20:11:39,780] INFO [Controller id=0] Sending update metadata request (kafka.controller.KafkaController)
[2026-04-24 20:11:39,794] INFO [ReplicaStateMachine controllerId=0] Initializing replica state (kafka.controller.ZkReplicaStateMachine)
[2026-04-24 20:11:39,795] INFO [ReplicaStateMachine controllerId=0] Triggering online replica state changes (kafka.controller.ZkReplicaStateMachine)
[2026-04-24 20:11:39,799] INFO [ReplicaStateMachine controllerId=0] Triggering offline replica state changes (kafka.controller.ZkReplicaStateMachine)
[2026-04-24 20:11:39,800] DEBUG [ReplicaStateMachine controllerId=0] Started replica state machine with initial state -> HashMap() (kafka.controller.ZkReplicaStateMachine)
[2026-04-24 20:11:39,800] INFO [PartitionStateMachine controllerId=0] Initializing partition state (kafka.controller.ZkPartitionStateMachine)
[2026-04-24 20:11:39,801] INFO [PartitionStateMachine controllerId=0] Triggering online partition state changes (kafka.controller.ZkPartitionStateMachine)
[2026-04-24 20:11:39,806] DEBUG [PartitionStateMachine controllerId=0] Started partition state machine with initial state -> HashMap() (kafka.controller.ZkPartitionStateMachine)
[2026-04-24 20:11:39,806] INFO [Controller id=0] Ready to serve as the new controller with epoch 1 (kafka.controller.KafkaController)
[2026-04-24 20:11:39,812] WARN [RequestSendThread controllerId=0] Controller 0's connection to broker LAPTOP-KAP2D921.localdomain:9092 (id: 0 rack: null) was unsuccessful (kafka.controller.RequestSendThread)
java.io.IOException: Connection to LAPTOP-KAP2D921.localdomain:9092 (id: 0 rack: null) failed.
	at org.apache.kafka.clients.NetworkClientUtils.awaitReady(NetworkClientUtils.java:70)
	at kafka.controller.RequestSendThread.brokerReady(ControllerChannelManager.scala:298)
	at kafka.controller.RequestSendThread.doWork(ControllerChannelManager.scala:251)
	at org.apache.kafka.server.util.ShutdownableThread.run(ShutdownableThread.java:127)
[2026-04-24 20:11:39,831] INFO [Controller id=0] Partitions undergoing preferred replica election:  (kafka.controller.KafkaController)
[2026-04-24 20:11:39,832] INFO [Controller id=0] Partitions that completed preferred replica election:  (kafka.controller.KafkaController)
[2026-04-24 20:11:39,832] INFO [Controller id=0] Skipping preferred replica election for partitions due to topic deletion:  (kafka.controller.KafkaController)
[2026-04-24 20:11:39,833] INFO [Controller id=0] Resuming preferred replica election for partitions:  (kafka.controller.KafkaController)
[2026-04-24 20:11:39,835] INFO [Controller id=0] Starting replica leader election (PREFERRED) for partitions  triggered by ZkTriggered (kafka.controller.KafkaController)
[2026-04-24 20:11:39,862] INFO [Controller id=0] Starting the controller scheduler (kafka.controller.KafkaController)
[2026-04-24 20:11:39,933] INFO [RequestSendThread controllerId=0] Controller 0 connected to LAPTOP-KAP2D921.localdomain:9092 (id: 0 rack: null) for sending state change requests (kafka.controller.RequestSendThread)
[2026-04-24 20:11:40,892] INFO [Controller id=0] Shutting down broker 0 (kafka.controller.KafkaController)
[2026-04-24 20:11:40,892] DEBUG [Controller id=0] All shutting down brokers: 0 (kafka.controller.KafkaController)
[2026-04-24 20:11:40,892] DEBUG [Controller id=0] Live brokers:  (kafka.controller.KafkaController)
[2026-04-24 20:11:40,894] TRACE [Controller id=0] All leaders =  (kafka.controller.KafkaController)
[2026-04-24 20:11:40,970] INFO [ControllerEventThread controllerId=0] Shutting down (kafka.controller.ControllerEventManager$ControllerEventThread)
[2026-04-24 20:11:40,970] INFO [ControllerEventThread controllerId=0] Shutdown completed (kafka.controller.ControllerEventManager$ControllerEventThread)
[2026-04-24 20:11:40,970] INFO [ControllerEventThread controllerId=0] Stopped (kafka.controller.ControllerEventManager$ControllerEventThread)
[2026-04-24 20:11:40,971] DEBUG [Controller id=0] Resigning (kafka.controller.KafkaController)
[2026-04-24 20:11:40,972] DEBUG [Controller id=0] Unregister BrokerModifications handler for Set(0) (kafka.controller.KafkaController)
[2026-04-24 20:11:40,973] INFO [PartitionStateMachine controllerId=0] Stopped partition state machine (kafka.controller.ZkPartitionStateMachine)
[2026-04-24 20:11:40,974] INFO [ReplicaStateMachine controllerId=0] Stopped replica state machine (kafka.controller.ZkReplicaStateMachine)
[2026-04-24 20:11:40,975] INFO [RequestSendThread controllerId=0] Shutting down (kafka.controller.RequestSendThread)
[2026-04-24 20:11:40,975] INFO [RequestSendThread controllerId=0] Shutdown completed (kafka.controller.RequestSendThread)
[2026-04-24 20:11:40,975] INFO [RequestSendThread controllerId=0] Stopped (kafka.controller.RequestSendThread)
[2026-04-24 20:11:40,979] INFO [Controller id=0] Resigned (kafka.controller.KafkaController)
[2026-04-24 20:20:53,167] INFO [ControllerEventThread controllerId=0] Starting (kafka.controller.ControllerEventManager$ControllerEventThread)
[2026-04-24 20:20:53,186] INFO [Controller id=0] 0 successfully elected as the controller. Epoch incremented to 2 and epoch zk version is now 2 (kafka.controller.KafkaController)
[2026-04-24 20:20:53,189] INFO [Controller id=0] Registering handlers (kafka.controller.KafkaController)
[2026-04-24 20:20:53,195] INFO [Controller id=0] Deleting log dir event notifications (kafka.controller.KafkaController)
[2026-04-24 20:20:53,199] INFO [Controller id=0] Deleting isr change notifications (kafka.controller.KafkaController)
[2026-04-24 20:20:53,203] INFO [Controller id=0] Initializing controller context (kafka.controller.KafkaController)
[2026-04-24 20:20:53,228] INFO [Controller id=0] Initialized broker epochs cache: HashMap(0 -> 46) (kafka.controller.KafkaController)
[2026-04-24 20:20:53,235] DEBUG [Controller id=0] Register BrokerModifications handler for Set(0) (kafka.controller.KafkaController)
[2026-04-24 20:20:53,243] DEBUG [Channel manager on controller 0]: Controller 0 trying to connect to broker 0 (kafka.controller.ControllerChannelManager)
[2026-04-24 20:20:53,259] INFO [RequestSendThread controllerId=0] Starting (kafka.controller.RequestSendThread)
[2026-04-24 20:20:53,261] INFO [Controller id=0] Currently active brokers in the cluster: Set(0) (kafka.controller.KafkaController)
[2026-04-24 20:20:53,262] INFO [Controller id=0] Currently shutting brokers in the cluster: HashSet() (kafka.controller.KafkaController)
[2026-04-24 20:20:53,262] INFO [Controller id=0] Current list of topics in the cluster: HashSet() (kafka.controller.KafkaController)
[2026-04-24 20:20:53,262] INFO [Controller id=0] Fetching topic deletions in progress (kafka.controller.KafkaController)
[2026-04-24 20:20:53,266] INFO [Controller id=0] List of topics to be deleted:  (kafka.controller.KafkaController)
[2026-04-24 20:20:53,266] INFO [Controller id=0] List of topics ineligible for deletion:  (kafka.controller.KafkaController)
[2026-04-24 20:20:53,266] INFO [Controller id=0] Initializing topic deletion manager (kafka.controller.KafkaController)
[2026-04-24 20:20:53,267] INFO [Topic Deletion Manager 0] Initializing manager with initial deletions: Set(), initial ineligible deletions: HashSet() (kafka.controller.TopicDeletionManager)
[2026-04-24 20:20:53,267] INFO [Controller id=0] Sending update metadata request (kafka.controller.KafkaController)
[2026-04-24 20:20:53,278] INFO [ReplicaStateMachine controllerId=0] Initializing replica state (kafka.controller.ZkReplicaStateMachine)
[2026-04-24 20:20:53,279] INFO [ReplicaStateMachine controllerId=0] Triggering online replica state changes (kafka.controller.ZkReplicaStateMachine)
[2026-04-24 20:20:53,282] INFO [ReplicaStateMachine controllerId=0] Triggering offline replica state changes (kafka.controller.ZkReplicaStateMachine)
[2026-04-24 20:20:53,282] DEBUG [ReplicaStateMachine controllerId=0] Started replica state machine with initial state -> HashMap() (kafka.controller.ZkReplicaStateMachine)
[2026-04-24 20:20:53,283] INFO [PartitionStateMachine controllerId=0] Initializing partition state (kafka.controller.ZkPartitionStateMachine)
[2026-04-24 20:20:53,284] INFO [PartitionStateMachine controllerId=0] Triggering online partition state changes (kafka.controller.ZkPartitionStateMachine)
[2026-04-24 20:20:53,288] WARN [RequestSendThread controllerId=0] Controller 0's connection to broker LAPTOP-KAP2D921.localdomain:9092 (id: 0 rack: null) was unsuccessful (kafka.controller.RequestSendThread)
java.io.IOException: Connection to LAPTOP-KAP2D921.localdomain:9092 (id: 0 rack: null) failed.
	at org.apache.kafka.clients.NetworkClientUtils.awaitReady(NetworkClientUtils.java:70)
	at kafka.controller.RequestSendThread.brokerReady(ControllerChannelManager.scala:298)
	at kafka.controller.RequestSendThread.doWork(ControllerChannelManager.scala:251)
	at org.apache.kafka.server.util.ShutdownableThread.run(ShutdownableThread.java:127)
[2026-04-24 20:20:53,288] DEBUG [PartitionStateMachine controllerId=0] Started partition state machine with initial state -> HashMap() (kafka.controller.ZkPartitionStateMachine)
[2026-04-24 20:20:53,291] INFO [Controller id=0] Ready to serve as the new controller with epoch 2 (kafka.controller.KafkaController)
[2026-04-24 20:20:53,298] INFO [Controller id=0] Partitions undergoing preferred replica election:  (kafka.controller.KafkaController)
[2026-04-24 20:20:53,299] INFO [Controller id=0] Partitions that completed preferred replica election:  (kafka.controller.KafkaController)
[2026-04-24 20:20:53,299] INFO [Controller id=0] Skipping preferred replica election for partitions due to topic deletion:  (kafka.controller.KafkaController)
[2026-04-24 20:20:53,300] INFO [Controller id=0] Resuming preferred replica election for partitions:  (kafka.controller.KafkaController)
[2026-04-24 20:20:53,301] INFO [Controller id=0] Starting replica leader election (PREFERRED) for partitions  triggered by ZkTriggered (kafka.controller.KafkaController)
[2026-04-24 20:20:53,314] INFO [Controller id=0] Starting the controller scheduler (kafka.controller.KafkaController)
[2026-04-24 20:20:53,394] INFO [RequestSendThread controllerId=0] Controller 0 connected to LAPTOP-KAP2D921.localdomain:9092 (id: 0 rack: null) for sending state change requests (kafka.controller.RequestSendThread)
[2026-04-24 20:20:58,316] INFO [Controller id=0] Processing automatic preferred replica leader election (kafka.controller.KafkaController)
[2026-04-24 20:20:58,316] TRACE [Controller id=0] Checking need to trigger auto leader balancing (kafka.controller.KafkaController)
[2026-04-24 20:21:23,744] INFO [Controller id=0] New topics: [Set(bank_topic)], deleted topics: [HashSet()], new partition replica assignment [Set(TopicIdReplicaAssignment(bank_topic,Some(fkfU8AvZQqOWDr8qxKBHNA),Map(bank_topic-0 -> ReplicaAssignment(replicas=0, addingReplicas=, removingReplicas=))))] (kafka.controller.KafkaController)
[2026-04-24 20:21:23,744] INFO [Controller id=0] New partition creation callback for bank_topic-0 (kafka.controller.KafkaController)
[2026-04-24 20:25:58,317] INFO [Controller id=0] Processing automatic preferred replica leader election (kafka.controller.KafkaController)
[2026-04-24 20:25:58,318] TRACE [Controller id=0] Checking need to trigger auto leader balancing (kafka.controller.KafkaController)
[2026-04-24 20:25:58,320] DEBUG [Controller id=0] Topics not in preferred replica for broker 0 Map() (kafka.controller.KafkaController)
[2026-04-24 20:25:58,322] TRACE [Controller id=0] Leader imbalance ratio for broker 0 is 0.0 (kafka.controller.KafkaController)
[2026-04-24 20:30:58,323] INFO [Controller id=0] Processing automatic preferred replica leader election (kafka.controller.KafkaController)
[2026-04-24 20:30:58,323] TRACE [Controller id=0] Checking need to trigger auto leader balancing (kafka.controller.KafkaController)
[2026-04-24 20:30:58,323] DEBUG [Controller id=0] Topics not in preferred replica for broker 0 Map() (kafka.controller.KafkaController)
[2026-04-24 20:30:58,324] TRACE [Controller id=0] Leader imbalance ratio for broker 0 is 0.0 (kafka.controller.KafkaController)
